 _________________________________________________

 KRAKEN- Pekeris waveguide                                                       
 Frequency =   250.0    Hz   NMedia =   1


     C-LINEAR approximation to SSP
     Attenuation units: dB/wavelength
     VACUUM


   z (m)     alphaR (m/s)     betaR   rho (g/cm^3)  alphaI     betaI


          ( Number of pts = 10000  RMS roughness =   0.00     )
      0.00      1500.00      0.00     1.50       0.0000    0.0000
    100.00      1500.00      0.00     1.50       0.0000    0.0000

                                 ( RMS roughness =   0.00     )
     ACOUSTO-ELASTIC half-space
    100.00      1700.00      0.00     2.00       0.0000    0.0000

 cLow = 1400.0    m/s      cHigh = 20000.    m/s
 RMax =    0.0000000000000000     

 __________________________________________________________________________


 Number of source depths   =            1
 Source depths (m)
   50.0000    

 Number of receiver depths =          101
 Receiver depths (m)
   0.00000       1.00000       2.00000       3.00000       4.00000    
   5.00000       6.00000       7.00000       8.00000       9.00000    
   10.0000       11.0000       12.0000       13.0000       14.0000    
   15.0000       16.0000       17.0000       18.0000       19.0000    
   20.0000    
  ...   100.000000    

 Mesh multiplier   CPU seconds
  --- Number of modes =           33
 Del (  0.0000000000000000     ,  0.0000000000000000     )
 Del (  0.0000000000000000     ,  0.0000000000000000     )
 Del (  0.0000000000000000     ,  0.0000000000000000     )
 Del (  0.0000000000000000     ,  0.0000000000000000     )
 Del (  0.0000000000000000     ,  0.0000000000000000     )
 Del (  0.0000000000000000     ,  0.0000000000000000     )
 Del (  0.0000000000000000     ,  0.0000000000000000     )
 Del (  0.0000000000000000     ,  0.0000000000000000     )
 Del (  0.0000000000000000     ,  0.0000000000000000     )
 Del (  0.0000000000000000     ,  0.0000000000000000     )
 Del (  0.0000000000000000     ,  0.0000000000000000     )
 Del (  0.0000000000000000     ,  0.0000000000000000     )
 Del (  0.0000000000000000     ,  0.0000000000000000     )
 Del (  0.0000000000000000     ,  0.0000000000000000     )
 Del (  0.0000000000000000     ,  0.0000000000000000     )
 Del (  0.0000000000000000     ,  0.0000000000000000     )
 Del (  0.0000000000000000     ,  0.0000000000000000     )
 Del (  0.0000000000000000     ,  0.0000000000000000     )
 Del (  0.0000000000000000     ,  0.0000000000000000     )
 Del (  0.0000000000000000     ,  0.0000000000000000     )
 Del (  0.0000000000000000     ,  0.0000000000000000     )
 Del (  0.0000000000000000     ,  0.0000000000000000     )
 Del (  0.0000000000000000     ,  0.0000000000000000     )
 Del (  0.0000000000000000     ,  0.0000000000000000     )
 Del (  0.0000000000000000     ,  0.0000000000000000     )
 Del (  0.0000000000000000     ,  0.0000000000000000     )
 Del (  0.0000000000000000     ,  0.0000000000000000     )
 Del (  0.0000000000000000     ,  0.0000000000000000     )
 Del (  0.0000000000000000     ,  0.0000000000000000     )
 Del (  0.0000000000000000     ,  0.0000000000000000     )
 Del (  0.0000000000000000     ,  0.0000000000000000     )
 Del (  0.0000000000000000     ,  0.0000000000000000     )
 Del (  0.0000000000000000     ,  0.0000000000000000     )
        1            0.368E-01s

    I          k             alpha          Phase Speed       Group Speed
    1   1.046750710       0.000000000       1500.640326       1499.393614    
    2   1.045408941       0.000000000       1502.566378       1497.572113    
    3   1.043168511       0.000000000       1505.793465       1494.528571    
    4   1.040023190       0.000000000       1510.347405       1490.251779    
    5   1.035964246       0.000000000       1516.264999       1484.726725    
    6   1.030980431       0.000000000       1523.594707       1477.935267    
    7   1.025057960       0.000000000       1532.397570       1469.857006    
    8   1.018180506       0.000000000       1542.748381       1460.470508    
    9   1.010329209       0.000000000       1554.737123       1449.755176    
   10   1.001482769       0.000000000       1568.470646       1437.694485    
   11  0.9916177290       0.000000000       1584.074468       1424.282370    
   12  0.9807092191       0.000000000       1601.694260       1409.537525    
   13  0.9687329480       0.000000000       1621.495718       1393.540699    
   14  0.9556709795       0.000000000       1643.658080       1376.557014    
   15  0.9415334151       0.000000000       1668.338374       1359.642997    
   16  0.9265427401       0.000000000       1695.330673       1356.418750    
   17  0.9099029251       0.000000000       1726.333968                   NaN
   18  0.8912725945       0.000000000       1762.419642                   NaN
   19  0.8711121922       0.000000000       1803.207831                   NaN
   20  0.8493127678       0.000000000       1849.491008                   NaN
   21  0.8257445246       0.000000000       1902.278828                   NaN
   22  0.8002511995       0.000000000       1962.879066                   NaN
   23  0.7726422645       0.000000000       2033.018900                   NaN
   24  0.7426818187       0.000000000       2115.032693                   NaN
   25  0.7100722722       0.000000000       2212.164012                   NaN
   26  0.6744294754       0.000000000       2329.074253                   NaN
   27  0.6352430600       0.000000000       2472.748505                   NaN
   28  0.5918095309       0.000000000       2654.226140                   NaN
   29  0.5431108995       0.000000000       2892.220223                   NaN
   30  0.4875720827       0.000000000       3221.669949                   NaN
   31  0.4225041850       0.000000000       3717.824302                   NaN
   32  0.3425189142       0.000000000       4586.013390                   NaN
   33  0.2327118447       0.000000000       6749.962938                   NaN
 _________________________________________________

 End of environmental file
