 _________________________________________________

 KRAKEN- Pekeris waveguide                                                       
 Frequency =   250.0    Hz   NMedia =   1


     C-LINEAR approximation to SSP
     Attenuation units: dB/wavelength
     VACUUM


   z (m)     alphaR (m/s)     betaR   rho (g/cm^3)  alphaI     betaI


          ( Number of pts = 10000  RMS roughness =   0.00     )
      0.00      1500.00      0.00     1.50       0.0000    0.0000
    100.00      1500.00      0.00     1.50       0.0000    0.0000

                                 ( RMS roughness =   0.00     )
     ACOUSTO-ELASTIC half-space
    100.00      1700.00      0.00     2.00       0.0000    0.0000

 cLow = 1400.0    m/s      cHigh = 20000.    m/s
 RMax =    0.0000000000000000     

 __________________________________________________________________________


 Number of source depths   =            1
 Source depths (m)
   50.0000    

 Number of receiver depths =          101
 Receiver depths (m)
   0.00000       1.00000       2.00000       3.00000       4.00000    
   5.00000       6.00000       7.00000       8.00000       9.00000    
   10.0000       11.0000       12.0000       13.0000       14.0000    
   15.0000       16.0000       17.0000       18.0000       19.0000    
   20.0000    
  ...   100.000000    

 Mesh multiplier   CPU seconds
  --- Number of modes =           33
 Del ( 0.49184858798980713     ,  0.0000000000000000     )
 Del ( 0.48898655176162720     ,  0.0000000000000000     )
 Del ( 0.48417821526527405     ,  0.0000000000000000     )
 Del ( 0.47736382484436035     ,  0.0000000000000000     )
 Del ( 0.46845480799674988     ,  0.0000000000000000     )
 Del ( 0.45732772350311279     ,  0.0000000000000000     )
 Del ( 0.44381508231163025     ,  0.0000000000000000     )
 Del ( 0.42769092321395874     ,  0.0000000000000000     )
 Del ( 0.40864789485931396     ,  0.0000000000000000     )
 Del ( 0.38625863194465637     ,  0.0000000000000000     )
 Del ( 0.35990792512893677     ,  0.0000000000000000     )
 Del ( 0.32866176962852478     ,  0.0000000000000000     )
 Del ( 0.29098370671272278     ,  0.0000000000000000     )
 Del ( 0.24399797618389130     ,  0.0000000000000000     )
 Del ( 0.18086780607700348     ,  0.0000000000000000     )
 Del ( 6.86253756284713745E-002,  0.0000000000000000     )
 Del (  0.0000000000000000     , 0.16077522933483124     )
 Del (  0.0000000000000000     , 0.24373175203800201     )
 Del (  0.0000000000000000     , 0.30811613798141479     )
 Del (  0.0000000000000000     , 0.36392283439636230     )
 Del (  0.0000000000000000     , 0.41462993621826172     )
 Del (  0.0000000000000000     , 0.46191993355751038     )
 Del (  0.0000000000000000     , 0.50675040483474731     )
 Del (  0.0000000000000000     , 0.54972332715988159     )
 Del (  0.0000000000000000     , 0.59124392271041870     )
 Del (  0.0000000000000000     , 0.63159871101379395     )
 Del (  0.0000000000000000     , 0.67099797725677490     )
 Del (  0.0000000000000000     , 0.70960092544555664     )
 Del (  0.0000000000000000     , 0.74753093719482422     )
 Del (  0.0000000000000000     , 0.78488564491271973     )
 Del (  0.0000000000000000     , 0.82174336910247803     )
 Del (  0.0000000000000000     , 0.85816830396652222     )
 Del (  0.0000000000000000     , 0.89421319961547852     )
        1            0.314E-01s

    I          k             alpha          Phase Speed       Group Speed
    1   1.046727277       0.000000000       1500.673922       1499.393614    
    2   1.045316448       0.000000000       1502.699331       1497.572113    
    3   1.042964964       0.000000000       1506.087339       1494.528571    
    4   1.039672387       0.000000000       1510.857022       1490.251779    
    5   1.035437591       0.000000000       1517.036218       1484.726725    
    6   1.030258345       0.000000000       1524.662562       1477.935267    
    7   1.024130930       0.000000000       1533.784675       1469.857006    
    8   1.017049850       0.000000000       1544.463457       1460.470508    
    9   1.009007725       0.000000000       1556.773341       1449.755176    
   10  0.9999955364       0.000000000       1570.803338       1437.694485    
   11  0.9900034561       0.000000000       1586.657417       1424.282370    
   12  0.9790228587       0.000000000       1604.453168       1409.537525    
   13  0.9670511248       0.000000000       1624.315702       1393.540699    
   14  0.9541044970       0.000000000       1646.356695       1376.557014    
   15  0.9402637285       0.000000000       1670.591217       1359.642997    
   16  0.9260477672       0.000000000       1696.236828       1356.418750    
   17  0.9099038901     -0.1325210554E-02   1726.332137                   NaN
   18  0.8912749544     -0.2050981163E-02   1762.414975                   NaN
   19  0.8711162314     -0.2652770002E-02   1803.199470                   NaN
   20  0.8493188478     -0.3213659247E-02   1849.477768                   NaN
   21  0.8257531121     -0.3765925491E-02   1902.259046                   NaN
   22  0.8002629088     -0.4329076878E-02   1962.850345                   NaN
   23  0.7726579220     -0.4918901159E-02   2032.977702                   NaN
   24  0.7427025651     -0.5551246258E-02   2114.973612                   NaN
   25  0.7100997307     -0.6244657343E-02   2212.078471                   NaN
   26  0.6744660439     -0.7023319348E-02   2328.947975                   NaN
   27  0.6352924491     -0.7921524751E-02   2472.556268                   NaN
   28  0.5918778355     -0.8991732045E-02   2653.919834                   NaN
   29  0.5432089590     -0.1032104137E-01   2891.698123                   NaN
   30  0.4877214502     -0.1206968110E-01   3220.683294                   NaN
   31  0.4227556201     -0.1457834042E-01   3715.613116                   NaN
   32  0.3430324339     -0.1876283866E-01   4579.148126                   NaN
   33  0.2344632056     -0.2860405762E-01   6699.542996                   NaN
 _________________________________________________

 End of environmental file
