 _________________________________________________

 KRAKEN- Pekeris waveguide                                                       
 Frequency =   250.0    Hz   NMedia =   1


     C-Linear approximation to SSP
     Attenuation units: dB/wavelength
     VACUUM


   z (m)     alphaR (m/s)     betaR   rho (g/cm^3)  alphaI     betaI


          ( Number of pts = 10000  RMS roughness =   0.00     )
      0.00      1500.00      0.00     1.50       0.0000    0.0000
    100.00      1500.00      0.00     1.50       0.0000    0.0000

                                 ( RMS roughness =   0.00     )
     ACOUSTO-ELASTIC half-space
    100.00      1800.00      0.00     1.80       0.5000    0.0000

 cLow =   1400.0    m/s      cHigh =   20000.    m/s
 RMax =    0.0000000000000000     

 __________________________________________________________________________


 Number of source   depths =            1
 Source depths (m)
   50.0000    

 Number of receiver depths =          101
 Receiver depths (m)
   0.00000       1.00000       2.00000       3.00000       4.00000    
   5.00000       6.00000       7.00000       8.00000       9.00000    
   10.0000       11.0000       12.0000       13.0000       14.0000    
   15.0000       16.0000       17.0000       18.0000       19.0000    
   20.0000    
  ...    100.00000    

 Mesh multiplier   CPU seconds
  --- Number of modes =           33
        1            0.226E-01s

    I          k             alpha          Phase Speed       Group Speed
    1   1.046745153     -0.3821270955E-06   1500.648293       1499.437927    
    2   1.045386797     -0.1531318731E-05   1502.598207       1497.749838    
    3   1.043118987     -0.3456368360E-05   1505.864955       1494.930176    
    4   1.039935857     -0.6173415256E-05   1510.474243       1490.969894    
    5   1.035829115     -0.9708289874E-05   1516.462806       1485.856797    
    6   1.030787959     -0.1410016833E-04   1523.879197       1479.576053    
    7   1.024798971     -0.1940696093E-04   1532.784840       1472.110955    
    8   1.017845989     -0.2571339163E-04   1543.255407       1463.444050    
    9   1.009909949     -0.3314303471E-04   1555.382564       1453.558827    
   10   1.000968718     -0.4187726011E-04   1569.276141       1442.442418    
   11  0.9909969171     -0.5218621238E-04   1585.066815       1430.090108    
   12  0.9799657814     -0.6448243109E-04   1602.909363       1416.513305    
   13  0.9678431118     -0.7942057700E-04   1622.986523       1401.754678    
   14  0.9545934965     -0.9810005818E-04   1645.513334       1385.919351    
   15  0.9401792089     -0.1225274766E-03   1670.741399       1369.246418    
   16  0.9245629343     -0.1568596820E-03   1698.960956       1352.298801    
   17  0.9077161698     -0.2116983955E-03   1730.492834       1336.585254    
   18  0.8896496540     -0.3274170883E-03   1765.634730       1327.181811    
   19  0.8704154032     -0.8649998900E-03   1804.651343       1298.765434    
   20  0.8489804259     -0.1986755064E-02   1850.215010       1224.109000    
   21  0.8255014536     -0.2852881435E-02   1902.838959       1185.418650    
   22  0.8000512194     -0.3624945036E-02   1963.369705       1147.539983    
   23  0.7724694339     -0.4374664979E-02   2033.473763       1107.420893    
   24  0.7425289282     -0.5140364494E-02   2115.468189       1064.209091    
   25  0.7099359205     -0.5952123576E-02   2212.588885       1017.324257    
   26  0.6743085862     -0.6841321782E-02   2329.491807       966.1561973    
   27  0.6351386309     -0.7847728719E-02   2473.155073       909.9461918    
   28  0.5917252738     -0.9029036928E-02   2654.604081       847.6719403    
   29  0.5430553121     -0.1047873918E-01   2892.516272       777.8663727    
   30  0.4875642083     -0.1236694919E-01   3221.721981       698.2665859    
   31  0.4225921766     -0.1505360232E-01   3717.050182       605.0134891    
   32  0.3428626093     -0.1950395456E-01   4581.416241       490.3743575    
   33  0.2343306168     -0.2990421241E-01   6703.333727       332.9420036    
 _________________________________________________

 End of environmental file
