 _________________________________________________

 KRAKENC-Pekeris waveguide                                                       
 Frequency =   250.0    Hz   NMedia =   1


     C-LINEAR approximation to SSP
     Attenuation units: dB/wavelength
     VACUUM


   z (m)     alphaR (m/s)     betaR   rho (g/cm^3)  alphaI     betaI


          ( Number of pts = 10000  RMS roughness =   0.00     )
      0.00      1500.00      0.00     1.50       0.0000    0.0000
    100.00      1500.00      0.00     1.50       0.0000    0.0000

                                 ( RMS roughness =   0.00     )
     ACOUSTO-ELASTIC half-space
    100.00      1700.00      0.00     2.00       0.0000    0.0000

 cLow = 1400.0    m/s      cHigh = 20000.    m/s
 RMax =    0.0000000000000000     

 __________________________________________________________________________


 Number of source depths   =            1
 Source depths (m)
   50.0000    

 Number of receiver depths =          101
 Receiver depths (m)
   0.00000       1.00000       2.00000       3.00000       4.00000    
   5.00000       6.00000       7.00000       8.00000       9.00000    
   10.0000       11.0000       12.0000       13.0000       14.0000    
   15.0000       16.0000       17.0000       18.0000       19.0000    
   20.0000    
  ...   100.000000    

 Mesh multiplier   CPU seconds
 Max. number of restarts in root finder, MaxTries =            1
        1            0.540E-01s

    I          k             alpha          Phase Speed       Group Speed
    1   1.046750710       0.000000000       1500.640326       1499.393614    
    2   1.045408941       0.000000000       1502.566378       1497.572113    
    3   1.043168511       0.000000000       1505.793465       1494.528571    
    4   1.040023190       0.000000000       1510.347405       1490.251780    
    5   1.035964246       0.000000000       1516.264999       1484.726725    
    6   1.030980431       0.000000000       1523.594707       1477.935267    
    7   1.025057960       0.000000000       1532.397570       1469.857006    
    8   1.018180506       0.000000000       1542.748381       1460.470508    
    9   1.010329209       0.000000000       1554.737123       1449.755176    
   10   1.001482769       0.000000000       1568.470646       1437.694485    
   11  0.9916177290       0.000000000       1584.074468       1424.282370    
   12  0.9807092191       0.000000000       1601.694260       1409.537525    
   13  0.9687329480       0.000000000       1621.495718       1393.540699    
   14  0.9556709795       0.000000000       1643.658080       1376.557013    
   15  0.9415334151       0.000000000       1668.338374       1359.642997    
   16  0.9265427401       0.000000000       1695.330673       1356.418750    
   17  0.8913411118     -0.2130962246E-02   1762.284165       1271.915254    
   18  0.8711852407     -0.2806647541E-02   1803.056633       1244.507573    
   19  0.8493908160     -0.3455068903E-02   1849.321063       1213.983595    
   20  0.8258282740     -0.4107101242E-02   1902.085913       1180.640732    
   21  0.8003416477     -0.4782016723E-02   1962.657237       1144.405621    
   22  0.7727408057     -0.5496271436E-02   2032.759646       1105.067244    
   23  0.7427904063     -0.6267284304E-02   2114.723499       1062.317795    
   24  0.7101936880     -0.7116259385E-02   2211.785817       1015.747615    
   25  0.6745677961     -0.8071548746E-02   2328.596675       964.8168169    
   26  0.6354045100     -0.9173927429E-02   2472.120204       908.8020334    
   27  0.5920041652     -0.1048622539E-01   2653.353505       846.7030245    
   28  0.5433562696     -0.1211309663E-01   2890.914147       777.0718969    
   29  0.3434197335     -0.2236063910E-01   4573.983885       490.6555049    
   30  0.2354517377     -0.3413918082E-01   6671.415308       335.7186293    
 _________________________________________________

 End of environmental file
