 KRAKENC-Ahmads test problem                                                    
  
 Frequency =   25.00     NMedia =   2


     N2-LINEAR approximation to SSP
     Attenuation units: dB/mkHz
     VACUUM


      Z          alphaR     betaR      rho       alphaI     betaI


          ( Number of pts =   100  RMS roughness =   0.00     )
      0.00      1500.00      0.00     1.00       0.0000    0.0000
    200.00      1500.00      0.00     1.00       0.0000    0.0000

          ( Number of pts =   400  RMS roughness =   0.00     )
    200.00      1700.00    700.00     1.50       0.0000    0.0000
    600.00      1700.00    700.00     1.50       0.0000    0.0000
 
                                 ( RMS roughness =   0.00     )
     VACUUM

 CLOW =   100.00      CHIGH =   10000.    
 RMax =   0.000000000000000E+000
 
 Number of sources   =            1
   180.000    
 
 Number of receivers =          201
   0.00000       1.00000       2.00000       3.00000       4.00000    
   5.00000       6.00000       7.00000       8.00000       9.00000    
   10.0000       11.0000       12.0000       13.0000       14.0000    
   15.0000       16.0000       17.0000       18.0000       19.0000    
   20.0000       21.0000       22.0000       23.0000       24.0000    
   25.0000       26.0000       27.0000       28.0000       29.0000    
   30.0000       31.0000       32.0000       33.0000       34.0000    
   35.0000       36.0000       37.0000       38.0000       39.0000    
   40.0000       41.0000       42.0000       43.0000       44.0000    
   45.0000       46.0000       47.0000       48.0000       49.0000    
   50.0000    
  ...    200.0000    
 
 Mesh multiplier   CPU seconds
 Max. number of restarts in root finder, MaxTries =            1
 mode =            2
 
 *** WARNING ***
 Generated by program or subroutine: KRAKENC-SINVIT
 Inverse iteration failed to converge
 
        1            0.192E-01
 
    I          K             ALPHA          PHASE SPEED       GROUP SPEED
    1  0.2643482611       0.000000000       594.2147378       27295.56147    
    2  0.2382401459       0.000000000       659.3331786     -0.3837228749E+14
    3  0.2242352668       0.000000000       700.5126130       155112693.8    
    4  0.2237427381       0.000000000       702.0546634       38860879.41    
    5  0.2229220655       0.000000000       704.6392304       17321581.69    
    6  0.2217732098       0.000000000       708.2894855       9770314.193    
    7  0.2202955396       0.000000000       713.0404589       6262520.556    
    8  0.2184874725       0.000000000       718.9411407       4344873.992    
    9  0.2163461853       0.000000000       726.0568632       3177179.167    
   10  0.2138673996       0.000000000       734.4720746       2408814.955    
   11  0.2110452196       0.000000000       744.2937254       1872567.860    
   12  0.2078719956       0.000000000       755.6555764       1480629.787    
   13  0.2043381925       0.000000000       768.7238042       1183432.166    
   14  0.2004322497       0.000000000       783.7043836       951396.2284    
   15  0.1961404368       0.000000000       800.8528750       766098.5830    
   16  0.1914467194       0.000000000       820.4874609       615680.6817    
   17  0.1863326734       0.000000000       843.0063811       492317.9618    
   18  0.1807775142       0.000000000       868.9113434       390749.6339    
   19  0.1747583471       0.000000000       898.8390843       307379.8859    
   20  0.1682507729       0.000000000       933.6042263       239695.1055    
   21  0.1612299465       0.000000000       974.2584187       185854.1184    
   22  0.1536720194       0.000000000       1022.174585       144363.7733    
   23  0.1455558835       0.000000000       1079.170617       113775.7266    
   24  0.1368669886       0.000000000       1147.680929       92314.15741    
   25  0.1276087207       0.000000000       1230.947477       77090.05033    
   26  0.1177946557       0.000000000       1333.503899       61434.58201    
   27  0.1072931711       0.000000000       1464.022650       25792.45281    
   28  0.1036219600       0.000000000       1515.891349       1523.644025    
   29  0.1005243177       0.000000000       1562.603321       1561.028562    
   30  0.9603294822E-01   0.000000000       1635.684789       2127.038923    
   31  0.9439855856E-01   0.000000000       1664.004568       6687.554529    
   32  0.9206001068E-01   0.000000000       1706.274326       53567.82757    
   33  0.9130992765E-01   0.000000000       1720.290846       16425.83222    
   34  0.9001256526E-01   0.000000000       1745.085614       5059.823395    
   35  0.8853868856E-01   0.000000000       1774.135525       6391.603669    
   36  0.8680153154E-01   0.000000000       1809.641257       5081.201104    
   37  0.8384981286E-01   0.000000000       1873.345060       6415.175099    
   38  0.8190896883E-01   0.000000000       1917.734223       12394.13518    
   39  0.7848169216E-01   0.000000000       2001.481216       2962.340696    
   40  0.7689290612E-01   0.000000000       2042.836467       23400.00610    
   41  0.7396627362E-01   0.000000000       2123.665625       3565.902053    
   42  0.6862236176E-01   0.000000000       2289.044397       4597.584372    
   43  0.6421687045E-01   0.000000000       2446.080470       4492.767123    
   44  0.5854485505E-01   0.000000000       2683.064678       1990.965939    
   45  0.5437438086E-01   0.000000000       2888.853725       120825.4169    
   46  0.5059332861E-01   0.000000000       3104.749915       2938.803825    
   47  0.3967087961E-01   0.000000000       3959.570199       2395.438147    
   48  0.2692887886E-01   0.000000000       5833.129314       1020.119708    
