 KRAKEN- Ahmads test problem                                                    
  
 Frequency =   25.00     NMedia =   1


     N2-LINEAR approximation to SSP
     Attenuation units: dB/mkHz
     VACUUM


      Z          alphaR     betaR      rho       alphaI     betaI


          ( Number of pts =   500  RMS roughness =   0.00     )
      0.00      1500.00      0.00     1.00       0.0000    0.0000
    200.00      1500.00      0.00     1.00       0.0000    0.0000
 
                                 ( RMS roughness =   0.00     )
     Perfectly RIGID

 CLow =   1000.0      CHigh =   2000.0    
 RMax =   0.000000000000000E+000
 
 Number of sources   =            1
   500.000    
 
 Number of receivers =            1
   2500.00    
 
 *** WARNING ***
 Generated by program or subroutine: SdRdRMod
 Source below the bottom bdry has been moved up
 
 
 Mesh multiplier   CPU seconds
  --- Number of modes =            4
        1            0.166E-02
 
    I          K             ALPHA          PHASE SPEED       GROUP SPEED
    1  0.1044248157       0.000000000       1504.236628       1495.775304    
    2  0.1020346312       0.000000000       1539.473714       1461.538434    
    3  0.9707797450E-01   0.000000000       1618.076948       1390.539556    
    4  0.8912790009E-01   0.000000000       1762.406974       1276.663128    
